# Server version 0.08 running on cs-21.CS.McGill.CA:8124
# Game ID: 87
# Board class: hus.HusBoard
# Timeout: 2000
# First Move Timeout: 30000
# Date: Thu Apr 07 23:38:28 EDT 2016
# Player 1: Player-0, '999999999', running on localhost
# Player 2: Player-1, '260515841', running on localhost
START Player-0 999999999
START Player-1 260515841
PIT 0 6
PIT 1 22
PIT 0 16
PIT 1 4
PIT 0 2
PIT 1 10
PIT 0 13
PIT 1 22
PIT 0 0
PIT 1 23
PIT 0 1
PIT 1 20
PIT 0 2
PIT 1 5
PIT 0 12
PIT 1 1
PIT 0 3
PIT 1 0
PIT 0 5
PIT 1 19
PIT 0 7
PIT 1 29
PIT 0 11
PIT 1 31
GAMEOVER WINNER 1
# Game ended: Thu Apr 07 23:38:53 EDT 2016
