# Server version 0.08 running on cs-21.CS.McGill.CA:8123
# Game ID: 34
# Board class: hus.HusBoard
# Timeout: 2000
# First Move Timeout: 30000
# Date: Thu Apr 07 19:11:52 EDT 2016
# Player 1: Player-0, '999999999', running on localhost
# Player 2: Player-1, '260515841', running on localhost
START Player-0 999999999
START Player-1 260515841
PIT 0 6
PIT 1 6
PIT 0 15
PIT 1 22
PIT 0 16
PIT 1 9
PIT 0 24
PIT 1 18
PIT 0 21
PIT 1 5
PIT 0 22
PIT 1 1
PIT 0 5
PIT 1 7
PIT 0 11
PIT 1 8
PIT 0 23
PIT 1 4
PIT 0 31
PIT 1 13
PIT 0 21
PIT 1 15
PIT 0 15
PIT 1 16
PIT 0 0
PIT 1 2
PIT 0 7
PIT 1 6
PIT 0 20
PIT 1 0
PIT 0 19
GAMEOVER WINNER 0
# Game ended: Thu Apr 07 19:12:18 EDT 2016
