# Server version 0.08 running on cs-21.CS.McGill.CA:8123
# Game ID: 49
# Board class: hus.HusBoard
# Timeout: 600000
# First Move Timeout: 600000
# Date: Thu Apr 07 20:34:48 EDT 2016
# Player 1: Player-0, '999999999', running on localhost
# Player 2: Player-1, '260515841', running on localhost
START Player-0 999999999
START Player-1 260515841
PIT 0 6
PIT 1 6
PIT 0 4
PIT 1 22
PIT 0 15
PIT 1 16
PIT 0 10
PIT 1 15
PIT 0 22
PIT 1 13
PIT 0 18
PIT 1 2
PIT 0 19
PIT 1 15
PIT 0 25
PIT 1 20
PIT 0 24
PIT 1 19
PIT 0 26
PIT 1 31
PIT 0 29
PIT 1 30
GAMEOVER WINNER 1
# Game ended: Thu Apr 07 20:35:20 EDT 2016
