# Server version 0.08 running on cs-21.CS.McGill.CA:8123
# Game ID: 39
# Board class: hus.HusBoard
# Timeout: 2000
# First Move Timeout: 30000
# Date: Thu Apr 07 19:26:27 EDT 2016
# Player 1: Player-0, '999999999', running on localhost
# Player 2: Player-1, '260515841', running on localhost
START Player-0 999999999
START Player-1 260515841
PIT 0 6
PIT 1 6
PIT 0 15
PIT 1 18
PIT 0 10
PIT 1 21
PIT 0 12
PIT 1 2
PIT 0 29
PIT 1 10
PIT 0 0
PIT 1 13
PIT 0 24
PIT 1 14
PIT 0 5
PIT 1 24
PIT 0 17
GAMEOVER WINNER 0
# Game ended: Thu Apr 07 19:26:56 EDT 2016
