# Server version 0.08 running on cs-21.CS.McGill.CA:8124
# Game ID: 89
# Board class: hus.HusBoard
# Timeout: 2000
# First Move Timeout: 30000
# Date: Thu Apr 07 23:41:19 EDT 2016
# Player 1: Player-0, '260515841', running on localhost
# Player 2: Player-1, '999999999', running on localhost
START Player-0 260515841
START Player-1 999999999
PIT 0 22
PIT 1 6
PIT 0 6
PIT 1 22
PIT 0 19
PIT 1 19
PIT 0 13
PIT 1 15
PIT 0 24
PIT 1 18
PIT 0 12
PIT 1 26
PIT 0 21
PIT 1 21
PIT 0 22
PIT 1 16
PIT 0 31
PIT 1 27
PIT 0 2
PIT 1 10
PIT 0 24
PIT 1 18
PIT 0 26
PIT 1 31
PIT 0 30
PIT 1 30
PIT 0 23
PIT 1 22
PIT 0 15
PIT 1 29
PIT 0 19
PIT 1 28
PIT 0 11
PIT 1 24
PIT 0 2
PIT 1 27
PIT 0 28
PIT 1 3
PIT 0 31
PIT 1 28
PIT 0 1
PIT 1 12
PIT 0 25
PIT 1 26
PIT 0 0
PIT 1 18
PIT 0 8
PIT 1 14
PIT 0 9
PIT 1 27
PIT 0 12
PIT 1 31
GAMEOVER WINNER 1
# Game ended: Thu Apr 07 23:42:08 EDT 2016
