# Server version 0.08 running on cs-21.CS.McGill.CA:8124
# Game ID: 95
# Board class: hus.HusBoard
# Timeout: 2000
# First Move Timeout: 30000
# Date: Thu Apr 07 23:51:05 EDT 2016
# Player 1: Player-0, '260515841', running on localhost
# Player 2: Player-1, '999999999', running on localhost
START Player-0 260515841
START Player-1 999999999
PIT 0 22
PIT 1 6
PIT 0 6
PIT 1 19
PIT 0 18
PIT 1 2
PIT 0 21
PIT 1 21
PIT 0 12
PIT 1 25
PIT 0 7
PIT 1 27
PIT 0 17
PIT 1 10
PIT 0 30
PIT 1 12
PIT 0 8
PIT 1 29
PIT 0 15
PIT 1 13
PIT 0 22
PIT 1 14
PIT 0 5
GAMEOVER WINNER 0
# Game ended: Thu Apr 07 23:51:30 EDT 2016
