# Server version 0.08 running on cs-21.CS.McGill.CA:8123
# Game ID: 52
# Board class: hus.HusBoard
# Timeout: 600000
# First Move Timeout: 600000
# Date: Thu Apr 07 20:37:54 EDT 2016
# Player 1: Player-0, '999999999', running on localhost
# Player 2: Player-1, '260515841', running on localhost
START Player-0 999999999
START Player-1 260515841
PIT 0 6
PIT 1 6
PIT 0 10
PIT 1 22
PIT 0 7
PIT 1 26
PIT 0 1
PIT 1 18
PIT 0 21
PIT 1 27
PIT 0 24
PIT 1 11
PIT 0 4
PIT 1 31
PIT 0 27
PIT 1 29
GAMEOVER WINNER 1
# Game ended: Thu Apr 07 20:38:18 EDT 2016
