# Server version 0.08 running on cs-21.CS.McGill.CA:8124
# Game ID: 93
# Board class: hus.HusBoard
# Timeout: 2000
# First Move Timeout: 30000
# Date: Thu Apr 07 23:45:32 EDT 2016
# Player 1: Player-0, '999999999', running on localhost
# Player 2: Player-1, '260515841', running on localhost
START Player-0 999999999
START Player-1 260515841
PIT 0 6
PIT 1 22
PIT 0 22
PIT 1 3
PIT 0 15
PIT 1 13
PIT 0 2
PIT 1 24
PIT 0 0
PIT 1 27
PIT 0 21
PIT 1 2
PIT 0 10
PIT 1 22
PIT 0 1
PIT 1 9
PIT 0 3
PIT 1 1
PIT 0 2
PIT 1 14
PIT 0 5
PIT 1 9
GAMEOVER WINNER 1
# Game ended: Thu Apr 07 23:45:57 EDT 2016
