# Server version 0.08 running on cs-21.CS.McGill.CA:8123
# Game ID: 60
# Board class: hus.HusBoard
# Timeout: 2000
# First Move Timeout: 30000
# Date: Thu Apr 07 21:41:34 EDT 2016
# Player 1: Player-0, '999999999', running on localhost
# Player 2: Player-1, '260515841', running on localhost
START Player-0 999999999
START Player-1 260515841
PIT 0 6
PIT 1 6
PIT 0 5
PIT 1 18
PIT 0 15
PIT 1 12
PIT 0 13
PIT 1 13
PIT 0 17
PIT 1 22
PIT 0 0
PIT 1 21
PIT 0 19
PIT 1 18
PIT 0 16
PIT 1 24
PIT 0 18
PIT 1 4
PIT 0 26
PIT 1 0
PIT 0 12
PIT 1 14
PIT 0 14
PIT 1 20
PIT 0 31
PIT 1 27
PIT 0 29
GAMEOVER WINNER 0
# Game ended: Thu Apr 07 21:41:55 EDT 2016
