# Server version 0.08 running on cs-21.CS.McGill.CA:8123
# Game ID: 59
# Board class: hus.HusBoard
# Timeout: 2000
# First Move Timeout: 30000
# Date: Thu Apr 07 21:40:00 EDT 2016
# Player 1: Player-0, '260515841', running on localhost
# Player 2: Player-1, '999999999', running on localhost
START Player-0 260515841
START Player-1 999999999
PIT 0 6
PIT 1 6
PIT 0 22
PIT 1 16
PIT 0 18
PIT 1 12
PIT 0 23
PIT 1 0
PIT 0 26
PIT 1 13
PIT 0 25
PIT 1 3
PIT 0 11
PIT 1 1
PIT 0 14
PIT 1 5
PIT 0 31
PIT 1 7
PIT 0 26
PIT 1 16
PIT 0 30
PIT 1 10
PIT 0 21
PIT 1 11
PIT 0 29
GAMEOVER WINNER 0
# Game ended: Thu Apr 07 21:40:23 EDT 2016
