# Server version 0.08 running on cs-21.CS.McGill.CA:8124
# Game ID: 96
# Board class: hus.HusBoard
# Timeout: 2000
# First Move Timeout: 30000
# Date: Thu Apr 07 23:51:55 EDT 2016
# Player 1: Player-0, '260515841', running on localhost
# Player 2: Player-1, 'RandomHusPlayer', running on localhost
START Player-0 260515841
START Player-1 RandomHusPlayer
PIT 0 22
PIT 1 19
PIT 0 4
PIT 1 14
PIT 0 16
PIT 1 15
PIT 0 24
PIT 1 22
PIT 0 27
PIT 1 1
PIT 0 14
PIT 1 2
PIT 0 25
PIT 1 4
PIT 0 13
PIT 1 23
PIT 0 21
PIT 1 9
PIT 0 26
PIT 1 0
PIT 0 3
PIT 1 7
PIT 0 7
PIT 1 10
PIT 0 4
PIT 1 11
PIT 0 0
PIT 1 12
PIT 0 7
PIT 1 15
PIT 0 8
PIT 1 16
PIT 0 6
GAMEOVER WINNER 0
# Game ended: Thu Apr 07 23:52:24 EDT 2016
