# Server version 0.08 running on cs-21.CS.McGill.CA:8123
# Game ID: 81
# Board class: hus.HusBoard
# Timeout: 2000
# First Move Timeout: 30000
# Date: Thu Apr 07 23:25:44 EDT 2016
# Player 1: Player-0, '260515841', running on localhost
# Player 2: Player-1, '999999999', running on localhost
START Player-0 260515841
START Player-1 999999999
PIT 0 22
PIT 1 6
PIT 0 6
PIT 1 21
PIT 0 15
PIT 1 5
PIT 0 13
PIT 1 2
PIT 0 29
PIT 1 10
PIT 0 0
PIT 1 0
PIT 0 7
PIT 1 6
PIT 0 27
PIT 1 18
PIT 0 10
PIT 1 1
PIT 0 0
PIT 1 9
PIT 0 11
PIT 1 3
PIT 0 0
PIT 1 2
PIT 0 26
PIT 1 6
PIT 0 11
PIT 1 9
PIT 0 2
PIT 1 7
PIT 0 31
PIT 1 10
PIT 0 30
PIT 1 5
PIT 0 16
PIT 1 9
PIT 0 14
PIT 1 10
PIT 0 1
PIT 1 11
PIT 0 27
PIT 1 14
PIT 0 30
GAMEOVER WINNER 0
# Game ended: Thu Apr 07 23:26:21 EDT 2016
