# Server version 0.08 running on cs-21.CS.McGill.CA:8123
# Game ID: 82
# Board class: hus.HusBoard
# Timeout: 2000
# First Move Timeout: 30000
# Date: Thu Apr 07 23:26:53 EDT 2016
# Player 1: Player-0, '260515841', running on localhost
# Player 2: Player-1, '999999999', running on localhost
START Player-0 260515841
START Player-1 999999999
PIT 0 22
PIT 1 6
PIT 0 6
PIT 1 21
PIT 0 15
PIT 1 4
PIT 0 27
PIT 1 16
PIT 0 9
PIT 1 15
PIT 0 19
PIT 1 19
PIT 0 22
PIT 1 18
PIT 0 15
PIT 1 2
PIT 0 20
PIT 1 3
PIT 0 31
PIT 1 1
PIT 0 14
PIT 1 0
PIT 0 30
PIT 1 3
PIT 0 31
PIT 1 7
PIT 0 29
PIT 1 6
PIT 0 28
PIT 1 11
PIT 0 31
PIT 1 12
PIT 0 30
PIT 1 15
PIT 0 25
PIT 1 16
PIT 0 4
PIT 1 18
PIT 0 30
GAMEOVER WINNER 0
# Game ended: Thu Apr 07 23:27:11 EDT 2016
