# Server version 0.08 running on cs-21.CS.McGill.CA:8123
# Game ID: 78
# Board class: hus.HusBoard
# Timeout: 2000
# First Move Timeout: 30000
# Date: Thu Apr 07 23:22:11 EDT 2016
# Player 1: Player-0, '260515841', running on localhost
# Player 2: Player-1, '999999999', running on localhost
START Player-0 260515841
START Player-1 999999999
PIT 0 22
PIT 1 6
PIT 0 6
PIT 1 0
PIT 0 4
PIT 1 22
PIT 0 21
PIT 1 25
PIT 0 23
PIT 1 26
PIT 0 19
PIT 1 28
PIT 0 10
PIT 1 8
PIT 0 26
PIT 1 11
PIT 0 23
PIT 1 6
PIT 0 13
PIT 1 13
PIT 0 31
PIT 1 5
PIT 0 25
PIT 1 14
PIT 0 30
PIT 1 17
PIT 0 29
PIT 1 18
PIT 0 31
PIT 1 19
PIT 0 30
GAMEOVER WINNER 0
# Game ended: Thu Apr 07 23:22:32 EDT 2016
