# Server version 0.08 running on cs-21.CS.McGill.CA:8123
# Game ID: 68
# Board class: hus.HusBoard
# Timeout: 2000
# First Move Timeout: 30000
# Date: Thu Apr 07 22:48:13 EDT 2016
# Player 1: Player-0, '260515841', running on localhost
# Player 2: Player-1, '999999999', running on localhost
START Player-0 260515841
START Player-1 999999999
PIT 0 6
PIT 1 6
PIT 0 22
PIT 1 15
PIT 0 16
PIT 1 13
PIT 0 21
PIT 1 26
PIT 0 28
PIT 1 21
PIT 0 22
PIT 1 25
PIT 0 25
PIT 1 7
PIT 0 7
PIT 1 10
PIT 0 18
PIT 1 8
PIT 0 22
PIT 1 11
PIT 0 17
PIT 1 12
PIT 0 29
PIT 1 6
PIT 0 31
GAMEOVER WINNER 0
# Game ended: Thu Apr 07 22:48:22 EDT 2016
