# Server version 0.08 running on cs-21.CS.McGill.CA:8124
# Game ID: 85
# Board class: hus.HusBoard
# Timeout: 2000
# First Move Timeout: 30000
# Date: Thu Apr 07 23:36:25 EDT 2016
# Player 1: Player-0, '260515841', running on localhost
# Player 2: Player-1, '999999999', running on localhost
START Player-0 260515841
START Player-1 999999999
PIT 0 22
PIT 1 6
PIT 0 6
PIT 1 18
PIT 0 15
PIT 1 12
PIT 0 9
PIT 1 19
PIT 0 7
PIT 1 24
PIT 0 1
PIT 1 4
PIT 0 3
PIT 1 3
PIT 0 18
PIT 1 13
PIT 0 28
PIT 1 1
PIT 0 26
PIT 1 0
PIT 0 31
GAMEOVER WINNER 0
# Game ended: Thu Apr 07 23:36:47 EDT 2016
