# Server version 0.08 running on cs-21.CS.McGill.CA:8123
# Game ID: 4
# Board class: hus.HusBoard
# Timeout: 2000
# First Move Timeout: 30000
# Date: Thu Apr 07 17:42:23 EDT 2016
# Player 1: Player-0, '260515841', running on localhost
# Player 2: Player-1, '999999999', running on localhost
START Player-0 260515841
START Player-1 999999999
PIT 0 6
PIT 1 6
PIT 0 1
PIT 1 9
PIT 0 22
PIT 1 4
PIT 0 24
PIT 1 19
PIT 0 18
PIT 1 2
PIT 0 25
PIT 1 3
PIT 0 19
PIT 1 4
PIT 0 9
PIT 1 5
PIT 0 20
PIT 1 0
PIT 0 15
PIT 1 15
PIT 0 17
PIT 1 1
PIT 0 24
PIT 1 2
PIT 0 2
PIT 1 3
PIT 0 29
PIT 1 6
PIT 0 23
GAMEOVER WINNER 0
# Game ended: Thu Apr 07 17:43:18 EDT 2016
