# Server version 0.08 running on cs-21.CS.McGill.CA:8123
# Game ID: 48
# Board class: hus.HusBoard
# Timeout: 600000
# First Move Timeout: 600000
# Date: Thu Apr 07 20:34:10 EDT 2016
# Player 1: Player-0, '260515841', running on localhost
# Player 2: Player-1, '999999999', running on localhost
START Player-0 260515841
START Player-1 999999999
PIT 0 6
PIT 1 6
PIT 0 22
PIT 1 3
PIT 0 16
PIT 1 0
PIT 0 21
PIT 1 15
PIT 0 18
PIT 1 21
PIT 0 31
PIT 1 1
PIT 0 15
PIT 1 3
PIT 0 30
PIT 1 8
PIT 0 29
GAMEOVER WINNER 0
# Game ended: Thu Apr 07 20:34:34 EDT 2016
