# Server version 0.08 running on cs-21.CS.McGill.CA:8123
# Game ID: 61
# Board class: hus.HusBoard
# Timeout: 2000
# First Move Timeout: 30000
# Date: Thu Apr 07 21:48:30 EDT 2016
# Player 1: Player-0, '999999999', running on localhost
# Player 2: Player-1, '260515841', running on localhost
START Player-0 999999999
START Player-1 260515841
PIT 0 6
PIT 1 6
PIT 0 13
PIT 1 22
PIT 0 1
PIT 1 12
PIT 0 2
PIT 1 27
PIT 0 0
PIT 1 20
PIT 0 15
PIT 1 16
PIT 0 4
PIT 1 12
PIT 0 7
PIT 1 31
PIT 0 10
PIT 1 19
PIT 0 11
PIT 1 26
PIT 0 14
PIT 1 4
PIT 0 15
PIT 1 25
PIT 0 16
PIT 1 3
PIT 0 17
PIT 1 6
PIT 0 18
PIT 1 26
GAMEOVER WINNER 1
# Game ended: Thu Apr 07 21:48:48 EDT 2016
