# Server version 0.08 running on cs-21.CS.McGill.CA:8123
# Game ID: 80
# Board class: hus.HusBoard
# Timeout: 2000
# First Move Timeout: 30000
# Date: Thu Apr 07 23:25:24 EDT 2016
# Player 1: Player-0, '260515841', running on localhost
# Player 2: Player-1, '999999999', running on localhost
START Player-0 260515841
START Player-1 999999999
PIT 0 22
PIT 1 6
PIT 0 6
PIT 1 1
PIT 0 10
PIT 1 0
PIT 0 12
PIT 1 19
PIT 0 17
PIT 1 9
PIT 0 24
PIT 1 4
PIT 0 20
PIT 1 15
PIT 0 28
PIT 1 7
PIT 0 31
GAMEOVER WINNER 0
# Game ended: Thu Apr 07 23:25:36 EDT 2016
