# Server version 0.08 running on cs-21.CS.McGill.CA:8123
# Game ID: 83
# Board class: hus.HusBoard
# Timeout: 2000
# First Move Timeout: 30000
# Date: Thu Apr 07 23:32:13 EDT 2016
# Player 1: Player-0, '260515841', running on localhost
# Player 2: Player-1, '999999999', running on localhost
START Player-0 260515841
START Player-1 999999999
PIT 0 22
PIT 1 6
PIT 0 21
PIT 1 5
PIT 0 24
PIT 1 22
PIT 0 14
PIT 1 15
PIT 0 27
PIT 1 2
PIT 0 17
PIT 1 9
PIT 0 7
PIT 1 3
PIT 0 20
PIT 1 25
PIT 0 31
PIT 1 4
PIT 0 28
PIT 1 5
PIT 0 21
PIT 1 6
PIT 0 31
PIT 1 0
PIT 0 29
GAMEOVER WINNER 0
# Game ended: Thu Apr 07 23:32:30 EDT 2016
