# Server version 0.08 running on cs-21.CS.McGill.CA:8123
# Game ID: 29
# Board class: hus.HusBoard
# Timeout: 2000
# First Move Timeout: 30000
# Date: Thu Apr 07 18:59:42 EDT 2016
# Player 1: Player-0, '260515841', running on localhost
# Player 2: Player-1, '999999999', running on localhost
START Player-0 260515841
START Player-1 999999999
PIT 0 6
PIT 1 6
PIT 0 15
PIT 1 12
PIT 0 22
PIT 1 13
PIT 0 13
PIT 1 17
PIT 0 17
PIT 1 16
PIT 0 18
PIT 1 24
PIT 0 23
PIT 1 20
PIT 0 21
PIT 1 14
PIT 0 27
PIT 1 15
PIT 0 29
PIT 1 17
PIT 0 10
PIT 1 16
PIT 0 15
PIT 1 20
PIT 0 4
PIT 1 19
PIT 0 31
PIT 1 30
PIT 0 9
PIT 1 25
PIT 0 10
PIT 1 7
PIT 0 11
PIT 1 0
PIT 0 0
PIT 1 3
PIT 0 14
PIT 1 27
PIT 0 3
PIT 1 6
PIT 0 4
PIT 1 13
GAMEOVER WINNER 1
# Game ended: Thu Apr 07 18:59:59 EDT 2016
