# Server version 0.08 running on cs-21.CS.McGill.CA:8123
# Game ID: 66
# Board class: hus.HusBoard
# Timeout: 2000
# First Move Timeout: 30000
# Date: Thu Apr 07 22:29:04 EDT 2016
# Player 1: Player-0, '260515841', running on localhost
# Player 2: Player-1, '999999999', running on localhost
START Player-0 260515841
START Player-1 999999999
PIT 0 6
PIT 1 6
PIT 0 15
PIT 1 15
PIT 0 7
PIT 1 9
PIT 0 1
PIT 1 17
PIT 0 0
PIT 1 27
PIT 0 5
PIT 1 24
PIT 0 4
PIT 1 26
PIT 0 9
PIT 1 20
PIT 0 10
PIT 1 30
PIT 0 11
PIT 1 27
PIT 0 6
PIT 1 15
GAMEOVER WINNER 1
# Game ended: Thu Apr 07 22:29:27 EDT 2016
