# Server version 0.08 running on cs-21.CS.McGill.CA:8123
# Game ID: 73
# Board class: hus.HusBoard
# Timeout: 2000
# First Move Timeout: 30000
# Date: Thu Apr 07 23:06:54 EDT 2016
# Player 1: Player-0, '999999999', running on localhost
# Player 2: Player-1, '260515841', running on localhost
START Player-0 999999999
START Player-1 260515841
PIT 0 6
PIT 1 6
PIT 0 18
PIT 1 19
PIT 0 4
PIT 1 18
PIT 0 1
PIT 1 16
PIT 0 12
PIT 1 13
PIT 0 19
PIT 1 0
PIT 0 2
PIT 1 12
PIT 0 13
PIT 1 29
PIT 0 14
PIT 1 31
GAMEOVER WINNER 1
# Game ended: Thu Apr 07 23:07:08 EDT 2016
