# Server version 0.08 running on cs-21.CS.McGill.CA:8123
# Game ID: 53
# Board class: hus.HusBoard
# Timeout: 600000
# First Move Timeout: 600000
# Date: Thu Apr 07 20:40:13 EDT 2016
# Player 1: Player-0, '999999999', running on localhost
# Player 2: Player-1, '260515841', running on localhost
START Player-0 999999999
START Player-1 260515841
PIT 0 6
PIT 1 6
PIT 0 15
PIT 1 18
PIT 0 10
PIT 1 12
PIT 0 12
PIT 1 13
PIT 0 16
PIT 1 17
PIT 0 27
PIT 1 22
PIT 0 17
PIT 1 27
PIT 0 21
PIT 1 1
PIT 0 23
PIT 1 2
PIT 0 19
PIT 1 30
PIT 0 4
PIT 1 29
PIT 0 30
PIT 1 0
PIT 0 27
PIT 1 2
PIT 0 10
PIT 1 3
PIT 0 29
PIT 1 4
PIT 0 19
PIT 1 6
PIT 0 31
PIT 1 7
PIT 0 30
PIT 1 8
PIT 0 28
PIT 1 10
PIT 0 18
PIT 1 11
PIT 0 26
PIT 1 15
PIT 0 31
PIT 1 16
PIT 0 30
PIT 1 17
PIT 0 27
PIT 1 18
PIT 0 22
PIT 1 20
PIT 0 30
GAMEOVER WINNER 0
# Game ended: Thu Apr 07 20:48:35 EDT 2016
