# Server version 0.08 running on cs-21.CS.McGill.CA:8123
# Game ID: 50
# Board class: hus.HusBoard
# Timeout: 600000
# First Move Timeout: 600000
# Date: Thu Apr 07 20:36:02 EDT 2016
# Player 1: Player-0, '999999999', running on localhost
# Player 2: Player-1, '260515841', running on localhost
START Player-0 999999999
START Player-1 260515841
PIT 0 6
PIT 1 6
PIT 0 15
PIT 1 18
PIT 0 2
PIT 1 24
PIT 0 9
PIT 1 22
PIT 0 20
PIT 1 12
PIT 0 11
PIT 1 28
PIT 0 1
PIT 1 29
PIT 0 0
PIT 1 30
PIT 0 16
PIT 1 25
PIT 0 5
PIT 1 31
PIT 0 6
PIT 1 30
PIT 0 9
PIT 1 20
GAMEOVER WINNER 1
# Game ended: Thu Apr 07 20:36:35 EDT 2016
